<?xml version="1.0" encoding="UTF-8"?>
<!-- Generated by org.testng.reporters.JUnitReportReporter -->
<testsuite hostname="HPENVY" name="ReUsable.u_BuildNo" tests="1" failures="0" timestamp="14 Jan 2022 12:10:15 GMT" time="159.493" errors="0">
  <testcase name="f" time="159.493" classname="ReUsable.u_BuildNo"/>
</testsuite> <!-- ReUsable.u_BuildNo -->
