<?xml version="1.0" encoding="UTF-8"?>
<!-- Generated by org.testng.reporters.JUnitReportReporter -->
<testsuite hostname="SQELabs" failures="0" tests="1" name="Customer_Portal.admin_trial" time="43.525" errors="0" timestamp="30 Mar 2018 10:37:33 GMT">
  <testcase classname="Customer_Portal.admin_trial" name="enablE_Customer_Portal_Services" time="43.525"/>
</testsuite> <!-- Customer_Portal.admin_trial -->
