<?xml version="1.0" encoding="UTF-8"?>
<!-- Generated by org.testng.reporters.JUnitReportReporter -->
<testsuite hostname="HPENVY" name="Customer_Portal.WorkFlowSetting" tests="1" failures="0" timestamp="9 Feb 2022 12:10:47 GMT" time="32.448" errors="0">
  <testcase name="WorkFlow_Enable_OR_Disable" time="32.448" classname="Customer_Portal.WorkFlowSetting"/>
</testsuite> <!-- Customer_Portal.WorkFlowSetting -->
