<?xml version="1.0" encoding="UTF-8"?>
<!-- Generated by org.testng.reporters.JUnitReportReporter -->
<testsuite hostname="HPENVY" name="Customer_Portal.other_customerPortal" tests="2" failures="0" timestamp="9 Feb 2022 12:05:47 GMT" time="104.654" errors="0">
  <testcase name="custoemrPortalResetPassword" time="55.165" classname="Customer_Portal.other_customerPortal"/>
  <testcase name="Create_Customer" time="49.489" classname="Customer_Portal.other_customerPortal"/>
</testsuite> <!-- Customer_Portal.other_customerPortal -->
