<?xml version="1.0" encoding="UTF-8"?>
<!-- Generated by org.testng.reporters.JUnitReportReporter -->
<testsuite hostname="SQELabs" failures="0" tests="1" name="Customer_Portal.other_custoemrPortal" time="37.946" errors="0" timestamp="30 Mar 2018 11:18:32 GMT">
  <testcase classname="Customer_Portal.other_custoemrPortal" name="Create_Customer" time="37.946"/>
</testsuite> <!-- Customer_Portal.other_custoemrPortal -->
