<?xml version="1.0" encoding="UTF-8"?>
<!-- Generated by org.testng.reporters.JUnitReportReporter -->
<testsuite hostname="SQELabs" failures="0" tests="1" name="Customer_Portal.CustomerPortal" time="0.019" errors="0" timestamp="30 Mar 2018 10:38:50 GMT">
  <testcase classname="Customer_Portal.CustomerPortal" name="customer_creation" time="0.019"/>
</testsuite> <!-- Customer_Portal.CustomerPortal -->
